  [1m[35m (3.7ms)[0m  [1m[35mCREATE TABLE "schema_migrations" ("version" varchar NOT NULL PRIMARY KEY)[0m
  [1m[35m (2.4ms)[0m  [1m[35mCREATE TABLE "ar_internal_metadata" ("key" varchar NOT NULL PRIMARY KEY, "value" varchar, "created_at" datetime(6) NOT NULL, "updated_at" datetime(6) NOT NULL)[0m
  [1m[36mActiveRecord::SchemaMigration Pluck (0.2ms)[0m  [1m[34mSELECT "schema_migrations"."version" FROM "schema_migrations" ORDER BY "schema_migrations"."version" ASC[0m
Migrating to CreateTasks (20240523135553)
  [1m[36mTRANSACTION (0.1ms)[0m  [1m[36mbegin transaction[0m
  [1m[35m (0.3ms)[0m  [1m[35mCREATE TABLE "tasks" ("id" integer PRIMARY KEY AUTOINCREMENT NOT NULL, "title" varchar, "description" text, "created_at" datetime(6) NOT NULL, "updated_at" datetime(6) NOT NULL)[0m
  [1m[36mActiveRecord::SchemaMigration Create (0.4ms)[0m  [1m[32mINSERT INTO "schema_migrations" ("version") VALUES (?)[0m  [["version", "20240523135553"]]
  [1m[36mTRANSACTION (2.8ms)[0m  [1m[36mcommit transaction[0m
  [1m[36mActiveRecord::InternalMetadata Load (0.2ms)[0m  [1m[34mSELECT "ar_internal_metadata".* FROM "ar_internal_metadata" WHERE "ar_internal_metadata"."key" = ? LIMIT ?[0m  [["key", "environment"], ["LIMIT", 1]]
  [1m[36mTRANSACTION (0.1ms)[0m  [1m[36mbegin transaction[0m
  [1m[36mActiveRecord::InternalMetadata Create (0.8ms)[0m  [1m[32mINSERT INTO "ar_internal_metadata" ("key", "value", "created_at", "updated_at") VALUES (?, ?, ?, ?)[0m  [["key", "environment"], ["value", "development"], ["created_at", "2024-05-23 13:55:59.491317"], ["updated_at", "2024-05-23 13:55:59.491317"]]
  [1m[36mTRANSACTION (1.7ms)[0m  [1m[36mcommit transaction[0m
  [1m[36mActiveRecord::SchemaMigration Pluck (0.1ms)[0m  [1m[34mSELECT "schema_migrations"."version" FROM "schema_migrations" ORDER BY "schema_migrations"."version" ASC[0m
Started GET "/api/v1/tasks" for ::1 at 2024-05-23 23:03:04 +0900
  [1m[36mActiveRecord::SchemaMigration Pluck (0.3ms)[0m  [1m[34mSELECT "schema_migrations"."version" FROM "schema_migrations" ORDER BY "schema_migrations"."version" ASC[0m
Processing by Api::V1::TasksController#index as HTML
  [1m[36mTask Load (0.1ms)[0m  [1m[34mSELECT "tasks".* FROM "tasks"[0m
  ↳ app/controllers/api/v1/tasks_controller.rb:7:in `index'
Completed 200 OK in 13ms (Views: 1.2ms | ActiveRecord: 0.1ms | Allocations: 5030)


Started GET "/favicon.ico" for ::1 at 2024-05-23 23:03:05 +0900
  
ActionController::RoutingError (No route matches [GET] "/favicon.ico"):
  
Started GET "/api/v1/tasks" for ::1 at 2024-05-23 23:03:18 +0900
Processing by Api::V1::TasksController#index as HTML
  [1m[36mTask Load (0.1ms)[0m  [1m[34mSELECT "tasks".* FROM "tasks"[0m
  ↳ app/controllers/api/v1/tasks_controller.rb:7:in `index'
Completed 200 OK in 3ms (Views: 2.4ms | ActiveRecord: 0.1ms | Allocations: 737)


Started POST "/api/v1/tasks" for ::1 at 2024-05-23 23:10:35 +0900
Processing by Api::V1::TasksController#create as */*
  Parameters: {"title"=>"サンプル", "description"=>"サンプル説明", "task"=>{"title"=>"サンプル", "description"=>"サンプル説明"}}
  [1m[36mTRANSACTION (0.1ms)[0m  [1m[36mbegin transaction[0m
  ↳ app/controllers/api/v1/tasks_controller.rb:18:in `create'
  [1m[36mTask Create (0.3ms)[0m  [1m[32mINSERT INTO "tasks" ("title", "description", "created_at", "updated_at") VALUES (?, ?, ?, ?)[0m  [["title", "サンプル"], ["description", "サンプル説明"], ["created_at", "2024-05-23 14:10:35.720308"], ["updated_at", "2024-05-23 14:10:35.720308"]]
  ↳ app/controllers/api/v1/tasks_controller.rb:18:in `create'
  [1m[36mTRANSACTION (2.0ms)[0m  [1m[36mcommit transaction[0m
  ↳ app/controllers/api/v1/tasks_controller.rb:18:in `create'
Completed 200 OK in 22ms (Views: 0.4ms | ActiveRecord: 4.0ms | Allocations: 7454)


Started GET "/api/v1/tasks" for ::1 at 2024-05-23 23:10:49 +0900
Processing by Api::V1::TasksController#index as HTML
  [1m[36mTask Load (0.3ms)[0m  [1m[34mSELECT "tasks".* FROM "tasks"[0m
  ↳ app/controllers/api/v1/tasks_controller.rb:7:in `index'
Completed 200 OK in 7ms (Views: 6.2ms | ActiveRecord: 0.3ms | Allocations: 922)


Started PUT "/api/v1/tasks/:id" for ::1 at 2024-05-23 23:14:31 +0900
Processing by Api::V1::TasksController#update as */*
  Parameters: {"title"=>"サンプル2", "id"=>":id", "task"=>{"title"=>"サンプル2"}}
  [1m[36mTask Load (0.1ms)[0m  [1m[34mSELECT "tasks".* FROM "tasks" WHERE "tasks"."id" = ? LIMIT ?[0m  [["id", nil], ["LIMIT", 1]]
  ↳ app/controllers/api/v1/tasks_controller.rb:46:in `set_task'
Completed 404 Not Found in 7ms (ActiveRecord: 0.1ms | Allocations: 2086)


  
ActiveRecord::RecordNotFound (Couldn't find Task with 'id'=:id):
  
app/controllers/api/v1/tasks_controller.rb:46:in `set_task'
Started PUT "/api/v1/tasks/1" for ::1 at 2024-05-23 23:14:48 +0900
Processing by Api::V1::TasksController#update as */*
  Parameters: {"title"=>"サンプル2", "id"=>"1", "task"=>{"title"=>"サンプル2"}}
  [1m[36mTask Load (0.1ms)[0m  [1m[34mSELECT "tasks".* FROM "tasks" WHERE "tasks"."id" = ? LIMIT ?[0m  [["id", 1], ["LIMIT", 1]]
  ↳ app/controllers/api/v1/tasks_controller.rb:46:in `set_task'
  [1m[36mTRANSACTION (0.1ms)[0m  [1m[36mbegin transaction[0m
  ↳ app/controllers/api/v1/tasks_controller.rb:27:in `update'
  [1m[36mTask Update (0.3ms)[0m  [1m[33mUPDATE "tasks" SET "title" = ?, "updated_at" = ? WHERE "tasks"."id" = ?[0m  [["title", "サンプル2"], ["updated_at", "2024-05-23 14:14:48.619291"], ["id", 1]]
  ↳ app/controllers/api/v1/tasks_controller.rb:27:in `update'
  [1m[36mTRANSACTION (10.3ms)[0m  [1m[36mcommit transaction[0m
  ↳ app/controllers/api/v1/tasks_controller.rb:27:in `update'
Completed 200 OK in 30ms (Views: 0.6ms | ActiveRecord: 11.0ms | Allocations: 2737)


Started GET "/api/v1/tasks" for ::1 at 2024-05-23 23:14:55 +0900
Processing by Api::V1::TasksController#index as HTML
  [1m[36mTask Load (0.2ms)[0m  [1m[34mSELECT "tasks".* FROM "tasks"[0m
  ↳ app/controllers/api/v1/tasks_controller.rb:7:in `index'
Completed 200 OK in 6ms (Views: 5.1ms | ActiveRecord: 0.2ms | Allocations: 855)


Started DELETE "/api/v1/tasks/1" for ::1 at 2024-05-23 23:15:25 +0900
Processing by Api::V1::TasksController#destroy as */*
  Parameters: {"id"=>"1"}
  [1m[36mTask Load (0.1ms)[0m  [1m[34mSELECT "tasks".* FROM "tasks" WHERE "tasks"."id" = ? LIMIT ?[0m  [["id", 1], ["LIMIT", 1]]
  ↳ app/controllers/api/v1/tasks_controller.rb:46:in `set_task'
  [1m[36mTRANSACTION (0.1ms)[0m  [1m[36mbegin transaction[0m
  ↳ app/controllers/api/v1/tasks_controller.rb:36:in `destroy'
  [1m[36mTask Destroy (0.3ms)[0m  [1m[31mDELETE FROM "tasks" WHERE "tasks"."id" = ?[0m  [["id", 1]]
  ↳ app/controllers/api/v1/tasks_controller.rb:36:in `destroy'
  [1m[36mTRANSACTION (1.6ms)[0m  [1m[36mcommit transaction[0m
  ↳ app/controllers/api/v1/tasks_controller.rb:36:in `destroy'
Completed 200 OK in 19ms (Views: 0.4ms | ActiveRecord: 2.1ms | Allocations: 2241)


Started GET "/api/v1/tasks" for ::1 at 2024-05-23 23:15:28 +0900
Processing by Api::V1::TasksController#index as HTML
  [1m[36mTask Load (0.4ms)[0m  [1m[34mSELECT "tasks".* FROM "tasks"[0m
  ↳ app/controllers/api/v1/tasks_controller.rb:7:in `index'
Completed 200 OK in 6ms (Views: 5.1ms | ActiveRecord: 0.4ms | Allocations: 737)


Started POST "/api/v1/tasks" for ::1 at 2024-05-23 23:16:05 +0900
Processing by Api::V1::TasksController#create as */*
  Parameters: {"title"=>"サンプル", "description"=>"サンプル説明", "task"=>{"title"=>"サンプル", "description"=>"サンプル説明"}}
  [1m[36mTRANSACTION (0.1ms)[0m  [1m[36mbegin transaction[0m
  ↳ app/controllers/api/v1/tasks_controller.rb:18:in `create'
  [1m[36mTask Create (0.3ms)[0m  [1m[32mINSERT INTO "tasks" ("title", "description", "created_at", "updated_at") VALUES (?, ?, ?, ?)[0m  [["title", "サンプル"], ["description", "サンプル説明"], ["created_at", "2024-05-23 14:16:06.000620"], ["updated_at", "2024-05-23 14:16:06.000620"]]
  ↳ app/controllers/api/v1/tasks_controller.rb:18:in `create'
  [1m[36mTRANSACTION (1.8ms)[0m  [1m[36mcommit transaction[0m
  ↳ app/controllers/api/v1/tasks_controller.rb:18:in `create'
Completed 200 OK in 7ms (Views: 0.5ms | ActiveRecord: 2.2ms | Allocations: 2016)


Started POST "/api/v1/tasks" for ::1 at 2024-05-23 23:16:11 +0900
Processing by Api::V1::TasksController#create as */*
  Parameters: {"title"=>"サンプル22", "description"=>"サンプル説明222", "task"=>{"title"=>"サンプル22", "description"=>"サンプル説明222"}}
  [1m[36mTRANSACTION (0.1ms)[0m  [1m[36mbegin transaction[0m
  ↳ app/controllers/api/v1/tasks_controller.rb:18:in `create'
  [1m[36mTask Create (0.2ms)[0m  [1m[32mINSERT INTO "tasks" ("title", "description", "created_at", "updated_at") VALUES (?, ?, ?, ?)[0m  [["title", "サンプル22"], ["description", "サンプル説明222"], ["created_at", "2024-05-23 14:16:11.304708"], ["updated_at", "2024-05-23 14:16:11.304708"]]
  ↳ app/controllers/api/v1/tasks_controller.rb:18:in `create'
  [1m[36mTRANSACTION (1.6ms)[0m  [1m[36mcommit transaction[0m
  ↳ app/controllers/api/v1/tasks_controller.rb:18:in `create'
Completed 200 OK in 6ms (Views: 0.3ms | ActiveRecord: 1.9ms | Allocations: 2016)


Started GET "/api/v1/tasks" for ::1 at 2024-05-23 23:16:21 +0900
Processing by Api::V1::TasksController#index as HTML
  [1m[36mTask Load (0.7ms)[0m  [1m[34mSELECT "tasks".* FROM "tasks"[0m
  ↳ app/controllers/api/v1/tasks_controller.rb:7:in `index'
Completed 200 OK in 7ms (Views: 6.2ms | ActiveRecord: 0.7ms | Allocations: 956)


Started GET "/api/v1/tasks" for ::1 at 2024-05-23 23:16:24 +0900
Processing by Api::V1::TasksController#index as */*
  Parameters: {"title"=>"サンプル22", "description"=>"サンプル説明222", "task"=>{"title"=>"サンプル22", "description"=>"サンプル説明222"}}
  [1m[36mTask Load (0.1ms)[0m  [1m[34mSELECT "tasks".* FROM "tasks"[0m
  ↳ app/controllers/api/v1/tasks_controller.rb:7:in `index'
Completed 200 OK in 3ms (Views: 2.9ms | ActiveRecord: 0.1ms | Allocations: 960)


Started GET "/api/v1/tasks/2" for ::1 at 2024-05-23 23:16:44 +0900
Processing by Api::V1::TasksController#show as */*
  Parameters: {"title"=>"サンプル22", "description"=>"サンプル説明222", "id"=>"2", "task"=>{"title"=>"サンプル22", "description"=>"サンプル説明222"}}
  [1m[36mTask Load (0.2ms)[0m  [1m[34mSELECT "tasks".* FROM "tasks" WHERE "tasks"."id" = ? LIMIT ?[0m  [["id", 2], ["LIMIT", 1]]
  ↳ app/controllers/api/v1/tasks_controller.rb:46:in `set_task'
Completed 200 OK in 3ms (Views: 0.4ms | ActiveRecord: 0.2ms | Allocations: 673)


Started GET "/api/v1/tasks/2" for ::1 at 2024-05-23 23:16:48 +0900
Processing by Api::V1::TasksController#show as */*
  Parameters: {"title"=>"サンプル22", "description"=>"サンプル説明222", "id"=>"2", "task"=>{"title"=>"サンプル22", "description"=>"サンプル説明222"}}
  [1m[36mTask Load (0.1ms)[0m  [1m[34mSELECT "tasks".* FROM "tasks" WHERE "tasks"."id" = ? LIMIT ?[0m  [["id", 2], ["LIMIT", 1]]
  ↳ app/controllers/api/v1/tasks_controller.rb:46:in `set_task'
Completed 200 OK in 1ms (Views: 0.3ms | ActiveRecord: 0.1ms | Allocations: 673)


Started GET "/api/v1/tasks/3" for ::1 at 2024-05-23 23:16:49 +0900
Processing by Api::V1::TasksController#show as */*
  Parameters: {"title"=>"サンプル22", "description"=>"サンプル説明222", "id"=>"3", "task"=>{"title"=>"サンプル22", "description"=>"サンプル説明222"}}
  [1m[36mTask Load (0.3ms)[0m  [1m[34mSELECT "tasks".* FROM "tasks" WHERE "tasks"."id" = ? LIMIT ?[0m  [["id", 3], ["LIMIT", 1]]
  ↳ app/controllers/api/v1/tasks_controller.rb:46:in `set_task'
Completed 200 OK in 3ms (Views: 0.6ms | ActiveRecord: 0.3ms | Allocations: 672)


